
=== Classification Reports ===

Logistic Regression:

                  precision  recall  f1-score   support

         0         0.55       0.58      0.56        31
         1         0.52       0.48      0.50        29

   accuracy                             0.53        60
   macro avg       0.53       0.53      0.53        60
weighted avg       0.53       0.53      0.53        60

==================================================

Random Forest:

                  precision  recall  f1-score   support

         0         0.54       0.48      0.51        31
         1         0.50       0.55      0.52        29

   accuracy                            0.52         60
   macro avg       0.52       0.52      0.52        60
weighted avg       0.52       0.52      0.52        60

==================================================

KNN (k=3):

                  precision  recall  f1-score   support

         0         0.47       0.52      0.49        31
         1         0.42       0.38      0.40        29

   accuracy                             0.45        60
   macro avg       0.45       0.45      0.45        60
weighted avg       0.45       0.45      0.45        60

==================================================
